<?xml version="1.0" encoding="UTF-8"?>
<coverage generated="1704830819816" clover="3.2.0">
  <project timestamp="1704830819816" name="All files">
    <metrics statements="82" coveredstatements="76" conditionals="48" coveredconditionals="41" methods="17" coveredmethods="17" elements="147" coveredelements="134" complexity="0" loc="82" ncloc="82" packages="2" files="6" classes="6"/>
    <package name="src">
      <metrics statements="33" coveredstatements="31" conditionals="15" coveredconditionals="13" methods="5" coveredmethods="5"/>
      <file name="compare.js" path="/Users/evvva/Desktop/hexlet/frontend-project-46/src/compare.js">
        <metrics statements="16" coveredstatements="16" conditionals="10" coveredconditionals="10" methods="2" coveredmethods="2"/>
        <line num="3" count="1" type="stmt"/>
        <line num="4" count="40" type="stmt"/>
        <line num="5" count="40" type="stmt"/>
        <line num="6" count="40" type="stmt"/>
        <line num="8" count="40" type="stmt"/>
        <line num="9" count="144" type="stmt"/>
        <line num="10" count="144" type="stmt"/>
        <line num="11" count="144" type="cond" truecount="2" falsecount="0"/>
        <line num="12" count="40" type="stmt"/>
        <line num="18" count="104" type="cond" truecount="2" falsecount="0"/>
        <line num="19" count="16" type="stmt"/>
        <line num="25" count="88" type="cond" truecount="4" falsecount="0"/>
        <line num="26" count="32" type="stmt"/>
        <line num="32" count="56" type="cond" truecount="2" falsecount="0"/>
        <line num="33" count="32" type="stmt"/>
        <line num="40" count="24" type="stmt"/>
      </file>
      <file name="index.js" path="/Users/evvva/Desktop/hexlet/frontend-project-46/src/index.js">
        <metrics statements="11" coveredstatements="11" conditionals="1" coveredconditionals="1" methods="2" coveredmethods="2"/>
        <line num="7" count="1" type="stmt"/>
        <line num="13" count="1" type="stmt"/>
        <line num="14" count="16" type="stmt"/>
        <line num="15" count="16" type="stmt"/>
        <line num="16" count="16" type="stmt"/>
        <line num="17" count="16" type="stmt"/>
        <line num="20" count="1" type="cond" truecount="1" falsecount="0"/>
        <line num="21" count="8" type="stmt"/>
        <line num="22" count="8" type="stmt"/>
        <line num="23" count="8" type="stmt"/>
        <line num="24" count="8" type="stmt"/>
      </file>
      <file name="parsers.js" path="/Users/evvva/Desktop/hexlet/frontend-project-46/src/parsers.js">
        <metrics statements="6" coveredstatements="4" conditionals="4" coveredconditionals="2" methods="1" coveredmethods="1"/>
        <line num="3" count="1" type="stmt"/>
        <line num="4" count="16" type="cond" truecount="2" falsecount="2"/>
        <line num="6" count="8" type="stmt"/>
        <line num="8" count="8" type="stmt"/>
        <line num="10" count="0" type="stmt"/>
        <line num="12" count="0" type="stmt"/>
      </file>
    </package>
    <package name="src.formatters">
      <metrics statements="49" coveredstatements="45" conditionals="33" coveredconditionals="28" methods="12" coveredmethods="12"/>
      <file name="index.js" path="/Users/evvva/Desktop/hexlet/frontend-project-46/src/formatters/index.js">
        <metrics statements="6" coveredstatements="5" conditionals="4" coveredconditionals="3" methods="1" coveredmethods="1"/>
        <line num="4" count="1" type="stmt"/>
        <line num="5" count="8" type="cond" truecount="3" falsecount="1"/>
        <line num="7" count="4" type="stmt"/>
        <line num="9" count="2" type="stmt"/>
        <line num="11" count="2" type="stmt"/>
        <line num="13" count="0" type="stmt"/>
      </file>
      <file name="plain.js" path="/Users/evvva/Desktop/hexlet/frontend-project-46/src/formatters/plain.js">
        <metrics statements="17" coveredstatements="16" conditionals="12" coveredconditionals="10" methods="5" coveredmethods="5"/>
        <line num="1" count="1" type="stmt"/>
        <line num="2" count="26" type="cond" truecount="4" falsecount="0"/>
        <line num="3" count="20" type="cond" truecount="2" falsecount="0"/>
        <line num="5" count="6" type="stmt"/>
        <line num="8" count="1" type="stmt"/>
        <line num="9" count="2" type="cond" truecount="0" falsecount="1"/>
        <line num="10" count="36" type="stmt"/>
        <line num="12" count="30" type="stmt"/>
        <line num="13" count="30" type="stmt"/>
        <line num="14" count="30" type="cond" truecount="4" falsecount="1"/>
        <line num="16" count="4" type="stmt"/>
        <line num="18" count="8" type="stmt"/>
        <line num="20" count="10" type="stmt"/>
        <line num="22" count="8" type="stmt"/>
        <line num="24" count="0" type="stmt"/>
        <line num="27" count="10" type="stmt"/>
        <line num="29" count="2" type="stmt"/>
      </file>
      <file name="stylish.js" path="/Users/evvva/Desktop/hexlet/frontend-project-46/src/formatters/stylish.js">
        <metrics statements="26" coveredstatements="24" conditionals="17" coveredconditionals="15" methods="6" coveredmethods="6"/>
        <line num="1" count="1" type="cond" truecount="1" falsecount="0"/>
        <line num="2" count="172" type="stmt"/>
        <line num="3" count="172" type="stmt"/>
        <line num="4" count="172" type="stmt"/>
        <line num="5" count="172" type="cond" truecount="2" falsecount="0"/>
        <line num="8" count="1" type="stmt"/>
        <line num="9" count="108" type="cond" truecount="4" falsecount="0"/>
        <line num="10" count="80" type="stmt"/>
        <line num="13" count="28" type="stmt"/>
        <line num="14" count="36" type="stmt"/>
        <line num="16" count="28" type="stmt"/>
        <line num="19" count="1" type="stmt"/>
        <line num="20" count="4" type="stmt"/>
        <line num="21" count="20" type="cond" truecount="3" falsecount="1"/>
        <line num="22" count="0" type="stmt"/>
        <line num="25" count="20" type="stmt"/>
        <line num="26" count="72" type="stmt"/>
        <line num="27" count="72" type="cond" truecount="5" falsecount="1"/>
        <line num="29" count="8" type="stmt"/>
        <line num="31" count="12" type="stmt"/>
        <line num="33" count="16" type="stmt"/>
        <line num="35" count="20" type="stmt"/>
        <line num="37" count="16" type="stmt"/>
        <line num="39" count="0" type="stmt"/>
        <line num="42" count="20" type="stmt"/>
        <line num="44" count="4" type="stmt"/>
      </file>
    </package>
  </project>
</coverage>
