{"/Users/evvva/Desktop/hexlet/frontend-project-46/src/compare.js": {"path":"/Users/evvva/Desktop/hexlet/frontend-project-46/src/compare.js","statementMap":{"0":{"start":{"line":3,"column":16},"end":{"line":46,"column":1}},"1":{"start":{"line":4,"column":16},"end":{"line":4,"column":34}},"2":{"start":{"line":5,"column":16},"end":{"line":5,"column":34}},"3":{"start":{"line":6,"column":19},"end":{"line":6,"column":50}},"4":{"start":{"line":8,"column":2},"end":{"line":45,"column":5}},"5":{"start":{"line":9,"column":19},"end":{"line":9,"column":29}},"6":{"start":{"line":10,"column":19},"end":{"line":10,"column":29}},"7":{"start":{"line":11,"column":4},"end":{"line":17,"column":5}},"8":{"start":{"line":12,"column":6},"end":{"line":16,"column":8}},"9":{"start":{"line":18,"column":4},"end":{"line":24,"column":5}},"10":{"start":{"line":19,"column":6},"end":{"line":23,"column":8}},"11":{"start":{"line":25,"column":4},"end":{"line":31,"column":5}},"12":{"start":{"line":26,"column":6},"end":{"line":30,"column":8}},"13":{"start":{"line":32,"column":4},"end":{"line":39,"column":5}},"14":{"start":{"line":33,"column":6},"end":{"line":38,"column":8}},"15":{"start":{"line":40,"column":4},"end":{"line":44,"column":6}}},"fnMap":{"0":{"name":"(anonymous_0)","decl":{"start":{"line":3,"column":16},"end":{"line":3,"column":17}},"loc":{"start":{"line":3,"column":34},"end":{"line":46,"column":1}},"line":3},"1":{"name":"(anonymous_1)","decl":{"start":{"line":8,"column":22},"end":{"line":8,"column":23}},"loc":{"start":{"line":8,"column":31},"end":{"line":45,"column":3}},"line":8}},"branchMap":{"0":{"loc":{"start":{"line":11,"column":4},"end":{"line":17,"column":5}},"type":"if","locations":[{"start":{"line":11,"column":4},"end":{"line":17,"column":5}},{"start":{},"end":{}}],"line":11},"1":{"loc":{"start":{"line":18,"column":4},"end":{"line":24,"column":5}},"type":"if","locations":[{"start":{"line":18,"column":4},"end":{"line":24,"column":5}},{"start":{},"end":{}}],"line":18},"2":{"loc":{"start":{"line":25,"column":4},"end":{"line":31,"column":5}},"type":"if","locations":[{"start":{"line":25,"column":4},"end":{"line":31,"column":5}},{"start":{},"end":{}}],"line":25},"3":{"loc":{"start":{"line":25,"column":8},"end":{"line":25,"column":56}},"type":"binary-expr","locations":[{"start":{"line":25,"column":8},"end":{"line":25,"column":30}},{"start":{"line":25,"column":34},"end":{"line":25,"column":56}}],"line":25},"4":{"loc":{"start":{"line":32,"column":4},"end":{"line":39,"column":5}},"type":"if","locations":[{"start":{"line":32,"column":4},"end":{"line":39,"column":5}},{"start":{},"end":{}}],"line":32}},"s":{"0":1,"1":40,"2":40,"3":40,"4":40,"5":144,"6":144,"7":144,"8":40,"9":104,"10":16,"11":88,"12":32,"13":56,"14":32,"15":24},"f":{"0":40,"1":144},"b":{"0":[40,104],"1":[16,88],"2":[32,56],"3":[88,40],"4":[32,24]},"_coverageSchema":"1a1c01bbd47fc00a2c39e90264f33305004495a9","hash":"9d62c5e406ed88a362de9fb0aa99ba8c209dfac2"}
,"/Users/evvva/Desktop/hexlet/frontend-project-46/src/index.js": {"path":"/Users/evvva/Desktop/hexlet/frontend-project-46/src/index.js","statementMap":{"0":{"start":{"line":7,"column":16},"end":{"line":11,"column":1}},"1":{"start":{"line":13,"column":25},"end":{"line":18,"column":1}},"2":{"start":{"line":14,"column":22},"end":{"line":14,"column":55}},"3":{"start":{"line":15,"column":18},"end":{"line":15,"column":40}},"4":{"start":{"line":16,"column":17},"end":{"line":16,"column":33}},"5":{"start":{"line":17,"column":2},"end":{"line":17,"column":44}},"6":{"start":{"line":20,"column":16},"end":{"line":25,"column":1}},"7":{"start":{"line":21,"column":15},"end":{"line":21,"column":42}},"8":{"start":{"line":22,"column":15},"end":{"line":22,"column":42}},"9":{"start":{"line":23,"column":15},"end":{"line":23,"column":34}},"10":{"start":{"line":24,"column":2},"end":{"line":24,"column":33}}},"fnMap":{"0":{"name":"(anonymous_0)","decl":{"start":{"line":13,"column":25},"end":{"line":13,"column":26}},"loc":{"start":{"line":13,"column":39},"end":{"line":18,"column":1}},"line":13},"1":{"name":"(anonymous_1)","decl":{"start":{"line":20,"column":16},"end":{"line":20,"column":17}},"loc":{"start":{"line":20,"column":62},"end":{"line":25,"column":1}},"line":20}},"branchMap":{"0":{"loc":{"start":{"line":20,"column":39},"end":{"line":20,"column":57}},"type":"default-arg","locations":[{"start":{"line":20,"column":48},"end":{"line":20,"column":57}}],"line":20}},"s":{"0":1,"1":1,"2":16,"3":16,"4":16,"5":16,"6":1,"7":8,"8":8,"9":8,"10":8},"f":{"0":16,"1":8},"b":{"0":[2]},"_coverageSchema":"1a1c01bbd47fc00a2c39e90264f33305004495a9","hash":"a80ec66884c91bef6337fa45cefbf8065a9625cb"}
,"/Users/evvva/Desktop/hexlet/frontend-project-46/src/parsers.js": {"path":"/Users/evvva/Desktop/hexlet/frontend-project-46/src/parsers.js","statementMap":{"0":{"start":{"line":3,"column":22},"end":{"line":14,"column":1}},"1":{"start":{"line":4,"column":2},"end":{"line":13,"column":3}},"2":{"start":{"line":6,"column":6},"end":{"line":6,"column":30}},"3":{"start":{"line":8,"column":6},"end":{"line":8,"column":29}},"4":{"start":{"line":10,"column":6},"end":{"line":10,"column":29}},"5":{"start":{"line":12,"column":6},"end":{"line":12,"column":58}}},"fnMap":{"0":{"name":"(anonymous_0)","decl":{"start":{"line":3,"column":22},"end":{"line":3,"column":23}},"loc":{"start":{"line":3,"column":40},"end":{"line":14,"column":1}},"line":3}},"branchMap":{"0":{"loc":{"start":{"line":4,"column":2},"end":{"line":13,"column":3}},"type":"switch","locations":[{"start":{"line":5,"column":4},"end":{"line":6,"column":30}},{"start":{"line":7,"column":4},"end":{"line":8,"column":29}},{"start":{"line":9,"column":4},"end":{"line":10,"column":29}},{"start":{"line":11,"column":4},"end":{"line":12,"column":58}}],"line":4}},"s":{"0":1,"1":16,"2":8,"3":8,"4":0,"5":0},"f":{"0":16},"b":{"0":[8,8,0,0]},"_coverageSchema":"1a1c01bbd47fc00a2c39e90264f33305004495a9","hash":"5a4c8dd33873f93b97fa9ca1eea70004e09908bf"}
,"/Users/evvva/Desktop/hexlet/frontend-project-46/src/formatters/index.js": {"path":"/Users/evvva/Desktop/hexlet/frontend-project-46/src/formatters/index.js","statementMap":{"0":{"start":{"line":4,"column":18},"end":{"line":15,"column":1}},"1":{"start":{"line":5,"column":2},"end":{"line":14,"column":3}},"2":{"start":{"line":7,"column":6},"end":{"line":7,"column":27}},"3":{"start":{"line":9,"column":6},"end":{"line":9,"column":25}},"4":{"start":{"line":11,"column":6},"end":{"line":11,"column":34}},"5":{"start":{"line":13,"column":6},"end":{"line":13,"column":54}}},"fnMap":{"0":{"name":"(anonymous_0)","decl":{"start":{"line":4,"column":18},"end":{"line":4,"column":19}},"loc":{"start":{"line":4,"column":36},"end":{"line":15,"column":1}},"line":4}},"branchMap":{"0":{"loc":{"start":{"line":5,"column":2},"end":{"line":14,"column":3}},"type":"switch","locations":[{"start":{"line":6,"column":4},"end":{"line":7,"column":27}},{"start":{"line":8,"column":4},"end":{"line":9,"column":25}},{"start":{"line":10,"column":4},"end":{"line":11,"column":34}},{"start":{"line":12,"column":4},"end":{"line":13,"column":54}}],"line":5}},"s":{"0":1,"1":8,"2":4,"3":2,"4":2,"5":0},"f":{"0":8},"b":{"0":[4,2,2,0]},"_coverageSchema":"1a1c01bbd47fc00a2c39e90264f33305004495a9","hash":"b355b4ea3ba25bde6feb1efcc957198221bf0256"}
,"/Users/evvva/Desktop/hexlet/frontend-project-46/src/formatters/plain.js": {"path":"/Users/evvva/Desktop/hexlet/frontend-project-46/src/formatters/plain.js","statementMap":{"0":{"start":{"line":1,"column":21},"end":{"line":6,"column":1}},"1":{"start":{"line":2,"column":2},"end":{"line":4,"column":3}},"2":{"start":{"line":3,"column":4},"end":{"line":3,"column":65}},"3":{"start":{"line":5,"column":2},"end":{"line":5,"column":27}},"4":{"start":{"line":8,"column":14},"end":{"line":30,"column":1}},"5":{"start":{"line":9,"column":15},"end":{"line":28,"column":3}},"6":{"start":{"line":10,"column":19},"end":{"line":26,"column":8}},"7":{"start":{"line":10,"column":42},"end":{"line":10,"column":67}},"8":{"start":{"line":12,"column":25},"end":{"line":12,"column":29}},"9":{"start":{"line":13,"column":24},"end":{"line":13,"column":55}},"10":{"start":{"line":14,"column":8},"end":{"line":25,"column":9}},"11":{"start":{"line":16,"column":12},"end":{"line":16,"column":55}},"12":{"start":{"line":18,"column":12},"end":{"line":18,"column":122}},"13":{"start":{"line":20,"column":12},"end":{"line":20,"column":93}},"14":{"start":{"line":22,"column":12},"end":{"line":22,"column":54}},"15":{"start":{"line":24,"column":12},"end":{"line":24,"column":56}},"16":{"start":{"line":27,"column":4},"end":{"line":27,"column":29}},"17":{"start":{"line":29,"column":2},"end":{"line":29,"column":24}}},"fnMap":{"0":{"name":"(anonymous_0)","decl":{"start":{"line":1,"column":21},"end":{"line":1,"column":22}},"loc":{"start":{"line":1,"column":32},"end":{"line":6,"column":1}},"line":1},"1":{"name":"(anonymous_1)","decl":{"start":{"line":8,"column":14},"end":{"line":8,"column":15}},"loc":{"start":{"line":8,"column":24},"end":{"line":30,"column":1}},"line":8},"2":{"name":"(anonymous_2)","decl":{"start":{"line":9,"column":15},"end":{"line":9,"column":16}},"loc":{"start":{"line":9,"column":40},"end":{"line":28,"column":3}},"line":9},"3":{"name":"(anonymous_3)","decl":{"start":{"line":10,"column":32},"end":{"line":10,"column":33}},"loc":{"start":{"line":10,"column":42},"end":{"line":10,"column":67}},"line":10},"4":{"name":"(anonymous_4)","decl":{"start":{"line":11,"column":11},"end":{"line":11,"column":12}},"loc":{"start":{"line":11,"column":21},"end":{"line":26,"column":7}},"line":11}},"branchMap":{"0":{"loc":{"start":{"line":2,"column":2},"end":{"line":4,"column":3}},"type":"if","locations":[{"start":{"line":2,"column":2},"end":{"line":4,"column":3}},{"start":{},"end":{}}],"line":2},"1":{"loc":{"start":{"line":2,"column":6},"end":{"line":2,"column":49}},"type":"binary-expr","locations":[{"start":{"line":2,"column":6},"end":{"line":2,"column":31}},{"start":{"line":2,"column":35},"end":{"line":2,"column":49}}],"line":2},"2":{"loc":{"start":{"line":3,"column":11},"end":{"line":3,"column":64}},"type":"cond-expr","locations":[{"start":{"line":3,"column":39},"end":{"line":3,"column":51}},{"start":{"line":3,"column":54},"end":{"line":3,"column":64}}],"line":3},"3":{"loc":{"start":{"line":9,"column":23},"end":{"line":9,"column":35}},"type":"default-arg","locations":[{"start":{"line":9,"column":33},"end":{"line":9,"column":35}}],"line":9},"4":{"loc":{"start":{"line":14,"column":8},"end":{"line":25,"column":9}},"type":"switch","locations":[{"start":{"line":15,"column":10},"end":{"line":16,"column":55}},{"start":{"line":17,"column":10},"end":{"line":18,"column":122}},{"start":{"line":19,"column":10},"end":{"line":20,"column":93}},{"start":{"line":21,"column":10},"end":{"line":22,"column":54}},{"start":{"line":23,"column":10},"end":{"line":24,"column":56}}],"line":14}},"s":{"0":1,"1":26,"2":20,"3":6,"4":1,"5":2,"6":10,"7":36,"8":30,"9":30,"10":30,"11":4,"12":8,"13":10,"14":8,"15":0,"16":10,"17":2},"f":{"0":26,"1":2,"2":10,"3":36,"4":30},"b":{"0":[20,6],"1":[26,8],"2":[14,6],"3":[0],"4":[4,8,10,8,0]},"_coverageSchema":"1a1c01bbd47fc00a2c39e90264f33305004495a9","hash":"dec37c8050564544c8f79e90399f6bbc4951d89d"}
,"/Users/evvva/Desktop/hexlet/frontend-project-46/src/formatters/stylish.js": {"path":"/Users/evvva/Desktop/hexlet/frontend-project-46/src/formatters/stylish.js","statementMap":{"0":{"start":{"line":1,"column":15},"end":{"line":6,"column":1}},"1":{"start":{"line":2,"column":19},"end":{"line":2,"column":22}},"2":{"start":{"line":3,"column":22},"end":{"line":3,"column":23}},"3":{"start":{"line":4,"column":23},"end":{"line":4,"column":42}},"4":{"start":{"line":5,"column":2},"end":{"line":5,"column":107}},"5":{"start":{"line":8,"column":18},"end":{"line":17,"column":1}},"6":{"start":{"line":9,"column":2},"end":{"line":11,"column":3}},"7":{"start":{"line":10,"column":4},"end":{"line":10,"column":21}},"8":{"start":{"line":13,"column":16},"end":{"line":13,"column":36}},"9":{"start":{"line":14,"column":17},"end":{"line":14,"column":108}},"10":{"start":{"line":14,"column":45},"end":{"line":14,"column":107}},"11":{"start":{"line":16,"column":2},"end":{"line":16,"column":56}},"12":{"start":{"line":19,"column":16},"end":{"line":45,"column":1}},"13":{"start":{"line":20,"column":15},"end":{"line":43,"column":3}},"14":{"start":{"line":21,"column":4},"end":{"line":23,"column":5}},"15":{"start":{"line":22,"column":6},"end":{"line":22,"column":23}},"16":{"start":{"line":25,"column":19},"end":{"line":41,"column":6}},"17":{"start":{"line":26,"column":23},"end":{"line":26,"column":27}},"18":{"start":{"line":27,"column":6},"end":{"line":40,"column":7}},"19":{"start":{"line":29,"column":10},"end":{"line":29,"column":82}},"20":{"start":{"line":31,"column":10},"end":{"line":31,"column":82}},"21":{"start":{"line":33,"column":10},"end":{"line":33,"column":150}},"22":{"start":{"line":35,"column":10},"end":{"line":35,"column":82}},"23":{"start":{"line":37,"column":10},"end":{"line":37,"column":84}},"24":{"start":{"line":39,"column":10},"end":{"line":39,"column":54}},"25":{"start":{"line":42,"column":4},"end":{"line":42,"column":64}},"26":{"start":{"line":44,"column":2},"end":{"line":44,"column":23}}},"fnMap":{"0":{"name":"(anonymous_0)","decl":{"start":{"line":1,"column":15},"end":{"line":1,"column":16}},"loc":{"start":{"line":1,"column":42},"end":{"line":6,"column":1}},"line":1},"1":{"name":"(anonymous_1)","decl":{"start":{"line":8,"column":18},"end":{"line":8,"column":19}},"loc":{"start":{"line":8,"column":35},"end":{"line":17,"column":1}},"line":8},"2":{"name":"(anonymous_2)","decl":{"start":{"line":14,"column":27},"end":{"line":14,"column":28}},"loc":{"start":{"line":14,"column":45},"end":{"line":14,"column":107}},"line":14},"3":{"name":"(anonymous_3)","decl":{"start":{"line":19,"column":16},"end":{"line":19,"column":17}},"loc":{"start":{"line":19,"column":26},"end":{"line":45,"column":1}},"line":19},"4":{"name":"(anonymous_4)","decl":{"start":{"line":20,"column":15},"end":{"line":20,"column":16}},"loc":{"start":{"line":20,"column":32},"end":{"line":43,"column":3}},"line":20},"5":{"name":"(anonymous_5)","decl":{"start":{"line":25,"column":28},"end":{"line":25,"column":29}},"loc":{"start":{"line":25,"column":38},"end":{"line":41,"column":5}},"line":25}},"branchMap":{"0":{"loc":{"start":{"line":1,"column":23},"end":{"line":1,"column":37}},"type":"default-arg","locations":[{"start":{"line":1,"column":30},"end":{"line":1,"column":37}}],"line":1},"1":{"loc":{"start":{"line":5,"column":9},"end":{"line":5,"column":106}},"type":"cond-expr","locations":[{"start":{"line":5,"column":27},"end":{"line":5,"column":70}},{"start":{"line":5,"column":73},"end":{"line":5,"column":106}}],"line":5},"2":{"loc":{"start":{"line":9,"column":2},"end":{"line":11,"column":3}},"type":"if","locations":[{"start":{"line":9,"column":2},"end":{"line":11,"column":3}},{"start":{},"end":{}}],"line":9},"3":{"loc":{"start":{"line":9,"column":6},"end":{"line":9,"column":47}},"type":"binary-expr","locations":[{"start":{"line":9,"column":6},"end":{"line":9,"column":30}},{"start":{"line":9,"column":34},"end":{"line":9,"column":47}}],"line":9},"4":{"loc":{"start":{"line":21,"column":4},"end":{"line":23,"column":5}},"type":"if","locations":[{"start":{"line":21,"column":4},"end":{"line":23,"column":5}},{"start":{},"end":{}}],"line":21},"5":{"loc":{"start":{"line":21,"column":8},"end":{"line":21,"column":49}},"type":"binary-expr","locations":[{"start":{"line":21,"column":8},"end":{"line":21,"column":32}},{"start":{"line":21,"column":36},"end":{"line":21,"column":49}}],"line":21},"6":{"loc":{"start":{"line":27,"column":6},"end":{"line":40,"column":7}},"type":"switch","locations":[{"start":{"line":28,"column":8},"end":{"line":29,"column":82}},{"start":{"line":30,"column":8},"end":{"line":31,"column":82}},{"start":{"line":32,"column":8},"end":{"line":33,"column":150}},{"start":{"line":34,"column":8},"end":{"line":35,"column":82}},{"start":{"line":36,"column":8},"end":{"line":37,"column":84}},{"start":{"line":38,"column":8},"end":{"line":39,"column":54}}],"line":27}},"s":{"0":1,"1":172,"2":172,"3":172,"4":172,"5":1,"6":108,"7":80,"8":28,"9":28,"10":36,"11":28,"12":1,"13":4,"14":20,"15":0,"16":20,"17":72,"18":72,"19":8,"20":12,"21":16,"22":20,"23":16,"24":0,"25":20,"26":4},"f":{"0":172,"1":108,"2":36,"3":4,"4":20,"5":72},"b":{"0":[152],"1":[20,152],"2":[80,28],"3":[108,32],"4":[0,20],"5":[20,20],"6":[8,12,16,20,16,0]},"_coverageSchema":"1a1c01bbd47fc00a2c39e90264f33305004495a9","hash":"280f439c6fc3d331d93f9a80b5ddb8dc0391f99a"}
}
