TN:
SF:src/compare.js
FN:3,(anonymous_0)
FN:8,(anonymous_1)
FNF:2
FNH:2
FNDA:40,(anonymous_0)
FNDA:144,(anonymous_1)
DA:3,1
DA:4,40
DA:5,40
DA:6,40
DA:8,40
DA:9,144
DA:10,144
DA:11,144
DA:12,40
DA:18,104
DA:19,16
DA:25,88
DA:26,32
DA:32,56
DA:33,32
DA:40,24
LF:16
LH:16
BRDA:11,0,0,40
BRDA:11,0,1,104
BRDA:18,1,0,16
BRDA:18,1,1,88
BRDA:25,2,0,32
BRDA:25,2,1,56
BRDA:25,3,0,88
BRDA:25,3,1,40
BRDA:32,4,0,32
BRDA:32,4,1,24
BRF:10
BRH:10
end_of_record
TN:
SF:src/index.js
FN:13,(anonymous_0)
FN:20,(anonymous_1)
FNF:2
FNH:2
FNDA:16,(anonymous_0)
FNDA:8,(anonymous_1)
DA:7,1
DA:13,1
DA:14,16
DA:15,16
DA:16,16
DA:17,16
DA:20,1
DA:21,8
DA:22,8
DA:23,8
DA:24,8
LF:11
LH:11
BRDA:20,0,0,2
BRF:1
BRH:1
end_of_record
TN:
SF:src/parsers.js
FN:3,(anonymous_0)
FNF:1
FNH:1
FNDA:16,(anonymous_0)
DA:3,1
DA:4,16
DA:6,8
DA:8,8
DA:10,0
DA:12,0
LF:6
LH:4
BRDA:4,0,0,8
BRDA:4,0,1,8
BRDA:4,0,2,0
BRDA:4,0,3,0
BRF:4
BRH:2
end_of_record
TN:
SF:src/formatters/index.js
FN:4,(anonymous_0)
FNF:1
FNH:1
FNDA:8,(anonymous_0)
DA:4,1
DA:5,8
DA:7,4
DA:9,2
DA:11,2
DA:13,0
LF:6
LH:5
BRDA:5,0,0,4
BRDA:5,0,1,2
BRDA:5,0,2,2
BRDA:5,0,3,0
BRF:4
BRH:3
end_of_record
TN:
SF:src/formatters/plain.js
FN:1,(anonymous_0)
FN:8,(anonymous_1)
FN:9,(anonymous_2)
FN:10,(anonymous_3)
FN:11,(anonymous_4)
FNF:5
FNH:5
FNDA:26,(anonymous_0)
FNDA:2,(anonymous_1)
FNDA:10,(anonymous_2)
FNDA:36,(anonymous_3)
FNDA:30,(anonymous_4)
DA:1,1
DA:2,26
DA:3,20
DA:5,6
DA:8,1
DA:9,2
DA:10,36
DA:12,30
DA:13,30
DA:14,30
DA:16,4
DA:18,8
DA:20,10
DA:22,8
DA:24,0
DA:27,10
DA:29,2
LF:17
LH:16
BRDA:2,0,0,20
BRDA:2,0,1,6
BRDA:2,1,0,26
BRDA:2,1,1,8
BRDA:3,2,0,14
BRDA:3,2,1,6
BRDA:9,3,0,0
BRDA:14,4,0,4
BRDA:14,4,1,8
BRDA:14,4,2,10
BRDA:14,4,3,8
BRDA:14,4,4,0
BRF:12
BRH:10
end_of_record
TN:
SF:src/formatters/stylish.js
FN:1,(anonymous_0)
FN:8,(anonymous_1)
FN:14,(anonymous_2)
FN:19,(anonymous_3)
FN:20,(anonymous_4)
FN:25,(anonymous_5)
FNF:6
FNH:6
FNDA:172,(anonymous_0)
FNDA:108,(anonymous_1)
FNDA:36,(anonymous_2)
FNDA:4,(anonymous_3)
FNDA:20,(anonymous_4)
FNDA:72,(anonymous_5)
DA:1,1
DA:2,172
DA:3,172
DA:4,172
DA:5,172
DA:8,1
DA:9,108
DA:10,80
DA:13,28
DA:14,36
DA:16,28
DA:19,1
DA:20,4
DA:21,20
DA:22,0
DA:25,20
DA:26,72
DA:27,72
DA:29,8
DA:31,12
DA:33,16
DA:35,20
DA:37,16
DA:39,0
DA:42,20
DA:44,4
LF:26
LH:24
BRDA:1,0,0,152
BRDA:5,1,0,20
BRDA:5,1,1,152
BRDA:9,2,0,80
BRDA:9,2,1,28
BRDA:9,3,0,108
BRDA:9,3,1,32
BRDA:21,4,0,0
BRDA:21,4,1,20
BRDA:21,5,0,20
BRDA:21,5,1,20
BRDA:27,6,0,8
BRDA:27,6,1,12
BRDA:27,6,2,16
BRDA:27,6,3,20
BRDA:27,6,4,16
BRDA:27,6,5,0
BRF:17
BRH:15
end_of_record
